<?xml version="1.0" encoding="UTF-8"?>
<!-- Generated by org.testng.reporters.JUnitReportReporter -->
<testsuite hostname="DESKTOP-89CLN84" failures="0" tests="1" name="Testngbasics.day1" time="0.001" errors="0" timestamp="2022-10-20T15:43:38 PKT" skipped="0">
  <testcase classname="Testngbasics.day1" name="Homeloan" time="0.001"/>
  <system-out/>
</testsuite> <!-- Testngbasics.day1 -->
