<?xml version="1.0" encoding="UTF-8"?>
<!-- Generated by org.testng.reporters.JUnitReportReporter -->
<testsuite hostname="DESKTOP-89CLN84" failures="0" tests="1" name="Testngbasics.day2" time="0.005" errors="0" timestamp="2022-10-20T15:43:38 PKT" skipped="0">
  <testcase classname="Testngbasics.day2" name="Carloan_Login" time="0.005"/>
  <system-out/>
</testsuite> <!-- Testngbasics.day2 -->
